<?xml version="1.0" encoding="UTF-8"?>
<testsuite xmlns:xsi="http://www.w3.org/2001/XMLSchema-instance" xsi:noNamespaceSchemaLocation="https://maven.apache.org/surefire/maven-surefire-plugin/xsd/surefire-test-report-3.0.xsd" version="3.0" name="io.cucumber.skeleton.RunCucumberTest" time="3.245" tests="1" errors="0" skipped="0" failures="0">
  <properties>
[...]
</properties>
  <testcase name="I goto google homepage - I can land on the google homepage" classname="I goto google homepage" time="3.145">
    <system-out><![CDATA[
Scenario: I can land on the google homepage &amp#27;[90m# io/cucumber/skeleton/google.feature:3&amp#27;[0m
  &amp#27;[32mGiven &amp#27;[0m&amp#27;[32mI am on a chrome browser&amp#27;[0m            &amp#27;[90m# io.cucumber.skeleton.StepDefinitions.i_am_on_a_chrome_browser()&amp#27;[0m
  &amp#27;[32mWhen &amp#27;[0m&amp#27;[32mI get google&amp#27;[0m                         &amp#27;[90m# io.cucumber.skeleton.StepDefinitions.i_get_google()&amp#27;[0m
  &amp#27;[32mThen &amp#27;[0m&amp#27;[32mI should see google title&amp#27;[0m            &amp#27;[90m# io.cucumber.skeleton.StepDefinitions.i_should_see_google_title()&amp#27;[0m
]]></system-out>
  </testcase>
</testsuite>